<?xml version="1.0" encoding="UTF-8" ?>
<webscript>
    <shortname>Test Transform</shortname>
    <description>View and Test Transformation Chains</description>
    <url>/ootbee/admin/test-transform</url>
    <family>AdminConsole</family>
    <!-- Enterprise console does not handle tool URL + grouping properly - so restrict to Community only -->
    <family>AdminConsole:Edition:Community</family>
    <format default="html">argument</format>
    <authentication>admin</authentication>
    <lifecycle>internal</lifecycle>
    <transaction allow="readonly">required</transaction>
</webscript>